<?xml version="1.0" encoding="UTF-8"?>
<testsuite xmlns:xsi="http://www.w3.org/2001/XMLSchema-instance" xsi:noNamespaceSchemaLocation="https://maven.apache.org/surefire/maven-surefire-plugin/xsd/surefire-test-report.xsd" name="scrolltest.TestSuite" time="3.358" tests="3" errors="0" skipped="0" failures="0">
  <properties>
[...]
</properties>
  <testcase name="testAll[7][1]" classname="scrolltest.TestSuite" time="1.171"/>
  <testcase name="testAll[7][2]" classname="scrolltest.TestSuite" time="0.025"/>
  <testcase name="testAll[7][3]" classname="scrolltest.TestSuite" time="0.742"/>
</testsuite>